<?xml version="1.0" encoding="UTF-8"?>
<!-- Generated by org.testng.reporters.JUnitReportReporter -->
<testsuite hostname="LIYA" failures="0" tests="1" name="testCases.Testqq" time="12.835" errors="0" timestamp="2025-08-26T17:20:17 IST" skipped="0">
  <testcase classname="testCases.Testqq" name="verify_AddToCartFromProductDisplay" time="12.835"/>
</testsuite> <!-- testCases.Testqq -->
