<?xml version="1.0" encoding="UTF-8"?>
<!-- Generated by org.testng.reporters.JUnitReportReporter -->
<testsuite hostname="LIYA" failures="0" tests="4" name="testCases.TC02_AccountLogin" time="10.988" errors="0" timestamp="2025-09-08T20:22:57 IST" skipped="0">
  <testcase classname="testCases.TC02_AccountLogin" name="verify_login_navigation_link" time="1.532"/>
  <testcase classname="testCases.TC02_AccountLogin" name="verify_login_navigation_RightColumn" time="0.405"/>
  <testcase classname="testCases.TC02_AccountLogin" name="verify_login_ValidCredentials" time="7.229"/>
  <testcase classname="testCases.TC02_AccountLogin" name="verify_ForgotPwdPage" time="1.822"/>
</testsuite> <!-- testCases.TC02_AccountLogin -->
