<?xml version="1.0" encoding="UTF-8"?>
<!-- Generated by org.testng.reporters.JUnitReportReporter -->
<testsuite hostname="LIYA" failures="0" tests="1" name="testCases.Test_logout" time="8.755" errors="0" timestamp="2025-08-19T11:57:50 IST" skipped="0">
  <testcase classname="testCases.Test_logout" name="verify_ProperMessageAfterLogout" time="8.755"/>
</testsuite> <!-- testCases.Test_logout -->
