<?xml version="1.0" encoding="UTF-8"?>
<!-- Generated by org.testng.reporters.JUnitReportReporter -->
<testsuite hostname="LIYA" failures="0" tests="12" name="testCases.TC05_Search" time="80.946" errors="0" timestamp="2025-09-11T01:19:46 IST" skipped="0">
  <testcase classname="testCases.TC05_Search" name="verify_navigation_fromSiteMap" time="0.772"/>
  <testcase classname="testCases.TC05_Search" name="verify_search_validProduct" time="8.489"/>
  <testcase classname="testCases.TC05_Search" name="verify_search_invalidProduct" time="5.447"/>
  <testcase classname="testCases.TC05_Search" name="verify_search_emptySearchfield" time="5.365"/>
  <testcase classname="testCases.TC05_Search" name="verify_search_emptySearchfield02" time="5.346"/>
  <testcase classname="testCases.TC05_Search" name="verify_search_AfterLogin" time="9.601"/>
  <testcase classname="testCases.TC05_Search" name="verifyWithoutCheckingSearchInProductDescription" time="5.287"/>
  <testcase classname="testCases.TC05_Search" name="verifyWithoutCheckingSearchInSubCategories" time="5.396"/>
  <testcase classname="testCases.TC05_Search" name="verifyPlaceholders" time="1.717"/>
  <testcase classname="testCases.TC05_Search" name="verifyListView_MultipleProducts" time="11.244"/>
  <testcase classname="testCases.TC05_Search" name="verifyListAndGridViews_MultipleProducts" time="5.431"/>
  <testcase classname="testCases.TC05_Search" name="verifyNavigation_ProductComparePage" time="16.851"/>
</testsuite> <!-- testCases.TC05_Search -->
