<?xml version="1.0" encoding="UTF-8"?>
<!-- Generated by org.testng.reporters.JUnitReportReporter -->
<testsuite hostname="LIYA" failures="0" tests="6" name="testCases.TC06_ProductDetails" time="156.984" errors="0" timestamp="2025-09-11T01:19:46 IST" skipped="0">
  <testcase classname="testCases.TC06_ProductDetails" name="verify_productDisplayFromDropdown" time="10.319"/>
  <testcase classname="testCases.TC06_ProductDetails" name="verify_productDisplayFromWishListImg" time="32.333"/>
  <testcase classname="testCases.TC06_ProductDetails" name="verify_productDisplayFromWishListName" time="31.036"/>
  <testcase classname="testCases.TC06_ProductDetails" name="verify_productDisplayFromAddToCartImg" time="29.456"/>
  <testcase classname="testCases.TC06_ProductDetails" name="verify_productDisplayFromConfirmOrder" time="38.415"/>
  <testcase classname="testCases.TC06_ProductDetails" name="verify_AddToCartFromProductDisplay" time="15.425"/>
</testsuite> <!-- testCases.TC06_ProductDetails -->
