<?xml version="1.0" encoding="UTF-8"?>
<!-- Generated by org.testng.reporters.JUnitReportReporter -->
<testsuite hostname="LIYA" failures="0" tests="8" name="testCases.TC04_ForgotPassword" time="80.097" errors="0" timestamp="2025-09-11T01:19:46 IST" skipped="0">
  <testcase classname="testCases.TC04_ForgotPassword" name="verifyForgotPwd_fromLoginPage" time="7.006"/>
  <testcase classname="testCases.TC04_ForgotPassword" name="verifyForgotPwd_fromRightColumn" time="8.450"/>
  <testcase classname="testCases.TC04_ForgotPassword" name="verifyForgotPwd_AskValidEmail" time="7.440"/>
  <testcase classname="testCases.TC04_ForgotPassword" name="verifyForgotPwd_SuccessMsg" time="10.464"/>
  <testcase classname="testCases.TC04_ForgotPassword" name="verifyForgotPwd_FailureMsg" time="10.248"/>
  <testcase classname="testCases.TC04_ForgotPassword" name="verifyForgotPwd_FailureMsgIfNoEmail" time="10.709"/>
  <testcase classname="testCases.TC04_ForgotPassword" name="verifyForgotPwd_Placeholder_email" time="7.124"/>
  <testcase classname="testCases.TC04_ForgotPassword" name="verifyForgotPwd_loggingInAfterReset" time="18.656"/>
</testsuite> <!-- testCases.TC04_ForgotPassword -->
